<?xml version="1.0" encoding="UTF-8"?>
<!-- Generated by org.testng.reporters.JUnitReportReporter -->
<testsuite skipped="0" hostname="pinucomp" name="com.qa.automaton.MakeMyTrip.OpenHomepage" tests="1" failures="0" timestamp="2020-01-05T22:19:48 IST" time="5.358" errors="0">
  <testcase name="openUrl" time="5.358" classname="com.qa.automaton.MakeMyTrip.OpenHomepage"/>
</testsuite> <!-- com.qa.automaton.MakeMyTrip.OpenHomepage -->
